<?xml version="1.0" encoding="UTF-8"?>
<testsuite name="com.jalasoft.jfc.model.video.VideoConverterTest" tests="1" skipped="0" failures="0" errors="0" timestamp="2020-01-12T18:59:55" hostname="DESKTOP-DE9P51R" time="2.105">
  <properties/>
  <testcase name="Convert_VideoMp4ToAvi_zip" classname="com.jalasoft.jfc.model.video.VideoConverterTest" time="2.105"/>
  <system-out><![CDATA[]]></system-out>
  <system-err><![CDATA[]]></system-err>
</testsuite>
