<?xml version="1.0" encoding="UTF-8"?>
<testsuite name="com.jalasoft.jfc.model.command.ffmpeg.CommandVideoThumbNailTest" tests="2" skipped="0" failures="0" errors="0" timestamp="2020-01-12T18:59:49" hostname="DESKTOP-DE9P51R" time="0.001">
  <properties/>
  <testcase name="convert_CommandVideoThumbnailWhenCommandValueIsTrue" classname="com.jalasoft.jfc.model.command.ffmpeg.CommandVideoThumbNailTest" time="0.001"/>
  <testcase name="convert_CommandVideoThumbnailWhenCommandValueIsFalse" classname="com.jalasoft.jfc.model.command.ffmpeg.CommandVideoThumbNailTest" time="0.0"/>
  <system-out><![CDATA[]]></system-out>
  <system-err><![CDATA[]]></system-err>
</testsuite>
