<?xml version="1.0" encoding="UTF-8"?>
<testsuite name="com.jalasoft.jfc.controller.Md5ExtractorControllerTest" tests="2" skipped="0" failures="2" errors="0" timestamp="2020-01-12T18:59:17" hostname="DESKTOP-DE9P51R" time="0.129">
  <properties/>
  <testcase name="extract_Md5OfFile_md5String" classname="com.jalasoft.jfc.controller.Md5ExtractorControllerTest" time="0.115">
    <failure message="java.lang.AssertionError: Response content expected:&lt;8bd6509aba6eafe623392995b08c7047&gt; but was:&lt;&gt;" type="java.lang.AssertionError">java.lang.AssertionError: Response content expected:&lt;8bd6509aba6eafe623392995b08c7047&gt; but was:&lt;&gt;
	at org.springframework.test.util.AssertionErrors.fail(AssertionErrors.java:54)
	at org.springframework.test.util.AssertionErrors.assertEquals(AssertionErrors.java:81)
	at org.springframework.test.web.servlet.result.ContentResultMatchers$5.match(ContentResultMatchers.java:150)
	at org.springframework.test.web.servlet.MockMvc$1.andExpect(MockMvc.java:171)
	at com.jalasoft.jfc.controller.Md5ExtractorControllerTest.extract_Md5OfFile_md5String(Md5ExtractorControllerTest.java:68)
	at sun.reflect.NativeMethodAccessorImpl.invoke0(Native Method)
	at sun.reflect.NativeMethodAccessorImpl.invoke(NativeMethodAccessorImpl.java:62)
	at sun.reflect.DelegatingMethodAccessorImpl.invoke(DelegatingMethodAccessorImpl.java:43)
	at java.lang.reflect.Method.invoke(Method.java:498)
	at org.junit.runners.model.FrameworkMethod$1.runReflectiveCall(FrameworkMethod.java:50)
	at org.junit.internal.runners.model.ReflectiveCallable.run(ReflectiveCallable.java:12)
	at org.junit.runners.model.FrameworkMethod.invokeExplosively(FrameworkMethod.java:47)
	at org.junit.internal.runners.statements.InvokeMethod.evaluate(InvokeMethod.java:17)
	at org.junit.internal.runners.statements.RunBefores.evaluate(RunBefores.java:26)
	at org.springframework.test.context.junit4.statements.RunBeforeTestMethodCallbacks.evaluate(RunBeforeTestMethodCallbacks.java:75)
	at org.springframework.test.context.junit4.statements.RunAfterTestMethodCallbacks.evaluate(RunAfterTestMethodCallbacks.java:86)
	at org.springframework.test.context.junit4.statements.SpringRepeat.evaluate(SpringRepeat.java:84)
	at org.junit.runners.ParentRunner.runLeaf(ParentRunner.java:325)
	at org.springframework.test.context.junit4.SpringJUnit4ClassRunner.runChild(SpringJUnit4ClassRunner.java:252)
	at org.springframework.test.context.junit4.SpringJUnit4ClassRunner.runChild(SpringJUnit4ClassRunner.java:94)
	at org.junit.runners.ParentRunner$3.run(ParentRunner.java:290)
	at org.junit.runners.ParentRunner$1.schedule(ParentRunner.java:71)
	at org.junit.runners.ParentRunner.runChildren(ParentRunner.java:288)
	at org.junit.runners.ParentRunner.access$000(ParentRunner.java:58)
	at org.junit.runners.ParentRunner$2.evaluate(ParentRunner.java:268)
	at org.springframework.test.context.junit4.statements.RunBeforeTestClassCallbacks.evaluate(RunBeforeTestClassCallbacks.java:61)
	at org.springframework.test.context.junit4.statements.RunAfterTestClassCallbacks.evaluate(RunAfterTestClassCallbacks.java:70)
	at org.junit.runners.ParentRunner.run(ParentRunner.java:363)
	at org.springframework.test.context.junit4.SpringJUnit4ClassRunner.run(SpringJUnit4ClassRunner.java:191)
	at org.gradle.api.internal.tasks.testing.junit.JUnitTestClassExecutor.runTestClass(JUnitTestClassExecutor.java:110)
	at org.gradle.api.internal.tasks.testing.junit.JUnitTestClassExecutor.execute(JUnitTestClassExecutor.java:58)
	at org.gradle.api.internal.tasks.testing.junit.JUnitTestClassExecutor.execute(JUnitTestClassExecutor.java:38)
	at org.gradle.api.internal.tasks.testing.junit.AbstractJUnitTestClassProcessor.processTestClass(AbstractJUnitTestClassProcessor.java:62)
	at org.gradle.api.internal.tasks.testing.SuiteTestClassProcessor.processTestClass(SuiteTestClassProcessor.java:51)
	at sun.reflect.NativeMethodAccessorImpl.invoke0(Native Method)
	at sun.reflect.NativeMethodAccessorImpl.invoke(NativeMethodAccessorImpl.java:62)
	at sun.reflect.DelegatingMethodAccessorImpl.invoke(DelegatingMethodAccessorImpl.java:43)
	at java.lang.reflect.Method.invoke(Method.java:498)
	at org.gradle.internal.dispatch.ReflectionDispatch.dispatch(ReflectionDispatch.java:36)
	at org.gradle.internal.dispatch.ReflectionDispatch.dispatch(ReflectionDispatch.java:24)
	at org.gradle.internal.dispatch.ContextClassLoaderDispatch.dispatch(ContextClassLoaderDispatch.java:33)
	at org.gradle.internal.dispatch.ProxyDispatchAdapter$DispatchingInvocationHandler.invoke(ProxyDispatchAdapter.java:94)
	at com.sun.proxy.$Proxy2.processTestClass(Unknown Source)
	at org.gradle.api.internal.tasks.testing.worker.TestWorker.processTestClass(TestWorker.java:118)
	at sun.reflect.NativeMethodAccessorImpl.invoke0(Native Method)
	at sun.reflect.NativeMethodAccessorImpl.invoke(NativeMethodAccessorImpl.java:62)
	at sun.reflect.DelegatingMethodAccessorImpl.invoke(DelegatingMethodAccessorImpl.java:43)
	at java.lang.reflect.Method.invoke(Method.java:498)
	at org.gradle.internal.dispatch.ReflectionDispatch.dispatch(ReflectionDispatch.java:36)
	at org.gradle.internal.dispatch.ReflectionDispatch.dispatch(ReflectionDispatch.java:24)
	at org.gradle.internal.remote.internal.hub.MessageHubBackedObjectConnection$DispatchWrapper.dispatch(MessageHubBackedObjectConnection.java:182)
	at org.gradle.internal.remote.internal.hub.MessageHubBackedObjectConnection$DispatchWrapper.dispatch(MessageHubBackedObjectConnection.java:164)
	at org.gradle.internal.remote.internal.hub.MessageHub$Handler.run(MessageHub.java:412)
	at org.gradle.internal.concurrent.ExecutorPolicy$CatchAndRecordFailures.onExecute(ExecutorPolicy.java:64)
	at org.gradle.internal.concurrent.ManagedExecutorImpl$1.run(ManagedExecutorImpl.java:48)
	at java.util.concurrent.ThreadPoolExecutor.runWorker(ThreadPoolExecutor.java:1149)
	at java.util.concurrent.ThreadPoolExecutor$Worker.run(ThreadPoolExecutor.java:624)
	at org.gradle.internal.concurrent.ThreadFactoryImpl$ManagedThreadRunnable.run(ThreadFactoryImpl.java:56)
	at java.lang.Thread.run(Thread.java:748)
</failure>
  </testcase>
  <testcase name="extract_NullMultipartFileName_Md5Exception" classname="com.jalasoft.jfc.controller.Md5ExtractorControllerTest" time="0.012">
    <failure message="java.lang.AssertionError: Expected exception: com.jalasoft.jfc.model.exception.Md5Exception" type="java.lang.AssertionError">java.lang.AssertionError: Expected exception: com.jalasoft.jfc.model.exception.Md5Exception
	at org.junit.internal.runners.statements.ExpectException.evaluate(ExpectException.java:32)
	at org.junit.internal.runners.statements.RunBefores.evaluate(RunBefores.java:26)
	at org.springframework.test.context.junit4.statements.RunBeforeTestMethodCallbacks.evaluate(RunBeforeTestMethodCallbacks.java:75)
	at org.springframework.test.context.junit4.statements.RunAfterTestMethodCallbacks.evaluate(RunAfterTestMethodCallbacks.java:86)
	at org.springframework.test.context.junit4.statements.SpringRepeat.evaluate(SpringRepeat.java:84)
	at org.junit.runners.ParentRunner.runLeaf(ParentRunner.java:325)
	at org.springframework.test.context.junit4.SpringJUnit4ClassRunner.runChild(SpringJUnit4ClassRunner.java:252)
	at org.springframework.test.context.junit4.SpringJUnit4ClassRunner.runChild(SpringJUnit4ClassRunner.java:94)
	at org.junit.runners.ParentRunner$3.run(ParentRunner.java:290)
	at org.junit.runners.ParentRunner$1.schedule(ParentRunner.java:71)
	at org.junit.runners.ParentRunner.runChildren(ParentRunner.java:288)
	at org.junit.runners.ParentRunner.access$000(ParentRunner.java:58)
	at org.junit.runners.ParentRunner$2.evaluate(ParentRunner.java:268)
	at org.springframework.test.context.junit4.statements.RunBeforeTestClassCallbacks.evaluate(RunBeforeTestClassCallbacks.java:61)
	at org.springframework.test.context.junit4.statements.RunAfterTestClassCallbacks.evaluate(RunAfterTestClassCallbacks.java:70)
	at org.junit.runners.ParentRunner.run(ParentRunner.java:363)
	at org.springframework.test.context.junit4.SpringJUnit4ClassRunner.run(SpringJUnit4ClassRunner.java:191)
	at org.gradle.api.internal.tasks.testing.junit.JUnitTestClassExecutor.runTestClass(JUnitTestClassExecutor.java:110)
	at org.gradle.api.internal.tasks.testing.junit.JUnitTestClassExecutor.execute(JUnitTestClassExecutor.java:58)
	at org.gradle.api.internal.tasks.testing.junit.JUnitTestClassExecutor.execute(JUnitTestClassExecutor.java:38)
	at org.gradle.api.internal.tasks.testing.junit.AbstractJUnitTestClassProcessor.processTestClass(AbstractJUnitTestClassProcessor.java:62)
	at org.gradle.api.internal.tasks.testing.SuiteTestClassProcessor.processTestClass(SuiteTestClassProcessor.java:51)
	at sun.reflect.NativeMethodAccessorImpl.invoke0(Native Method)
	at sun.reflect.NativeMethodAccessorImpl.invoke(NativeMethodAccessorImpl.java:62)
	at sun.reflect.DelegatingMethodAccessorImpl.invoke(DelegatingMethodAccessorImpl.java:43)
	at java.lang.reflect.Method.invoke(Method.java:498)
	at org.gradle.internal.dispatch.ReflectionDispatch.dispatch(ReflectionDispatch.java:36)
	at org.gradle.internal.dispatch.ReflectionDispatch.dispatch(ReflectionDispatch.java:24)
	at org.gradle.internal.dispatch.ContextClassLoaderDispatch.dispatch(ContextClassLoaderDispatch.java:33)
	at org.gradle.internal.dispatch.ProxyDispatchAdapter$DispatchingInvocationHandler.invoke(ProxyDispatchAdapter.java:94)
	at com.sun.proxy.$Proxy2.processTestClass(Unknown Source)
	at org.gradle.api.internal.tasks.testing.worker.TestWorker.processTestClass(TestWorker.java:118)
	at sun.reflect.NativeMethodAccessorImpl.invoke0(Native Method)
	at sun.reflect.NativeMethodAccessorImpl.invoke(NativeMethodAccessorImpl.java:62)
	at sun.reflect.DelegatingMethodAccessorImpl.invoke(DelegatingMethodAccessorImpl.java:43)
	at java.lang.reflect.Method.invoke(Method.java:498)
	at org.gradle.internal.dispatch.ReflectionDispatch.dispatch(ReflectionDispatch.java:36)
	at org.gradle.internal.dispatch.ReflectionDispatch.dispatch(ReflectionDispatch.java:24)
	at org.gradle.internal.remote.internal.hub.MessageHubBackedObjectConnection$DispatchWrapper.dispatch(MessageHubBackedObjectConnection.java:182)
	at org.gradle.internal.remote.internal.hub.MessageHubBackedObjectConnection$DispatchWrapper.dispatch(MessageHubBackedObjectConnection.java:164)
	at org.gradle.internal.remote.internal.hub.MessageHub$Handler.run(MessageHub.java:412)
	at org.gradle.internal.concurrent.ExecutorPolicy$CatchAndRecordFailures.onExecute(ExecutorPolicy.java:64)
	at org.gradle.internal.concurrent.ManagedExecutorImpl$1.run(ManagedExecutorImpl.java:48)
	at java.util.concurrent.ThreadPoolExecutor.runWorker(ThreadPoolExecutor.java:1149)
	at java.util.concurrent.ThreadPoolExecutor$Worker.run(ThreadPoolExecutor.java:624)
	at org.gradle.internal.concurrent.ThreadFactoryImpl$ManagedThreadRunnable.run(ThreadFactoryImpl.java:56)
	at java.lang.Thread.run(Thread.java:748)
</failure>
  </testcase>
  <system-out><![CDATA[14:59:06.600 [Test worker] DEBUG org.springframework.test.context.junit4.SpringJUnit4ClassRunner - SpringJUnit4ClassRunner constructor called with [class com.jalasoft.jfc.controller.Md5ExtractorControllerTest]
14:59:06.610 [Test worker] DEBUG org.springframework.test.context.BootstrapUtils - Instantiating CacheAwareContextLoaderDelegate from class [org.springframework.test.context.cache.DefaultCacheAwareContextLoaderDelegate]
14:59:06.619 [Test worker] DEBUG org.springframework.test.context.BootstrapUtils - Instantiating BootstrapContext using constructor [public org.springframework.test.context.support.DefaultBootstrapContext(java.lang.Class,org.springframework.test.context.CacheAwareContextLoaderDelegate)]
14:59:06.633 [Test worker] DEBUG org.springframework.test.context.BootstrapUtils - Instantiating TestContextBootstrapper for test class [com.jalasoft.jfc.controller.Md5ExtractorControllerTest] from class [org.springframework.boot.test.context.SpringBootTestContextBootstrapper]
14:59:06.651 [Test worker] INFO org.springframework.boot.test.context.SpringBootTestContextBootstrapper - Neither @ContextConfiguration nor @ContextHierarchy found for test class [com.jalasoft.jfc.controller.Md5ExtractorControllerTest], using SpringBootContextLoader
14:59:06.654 [Test worker] DEBUG org.springframework.test.context.support.AbstractContextLoader - Did not detect default resource location for test class [com.jalasoft.jfc.controller.Md5ExtractorControllerTest]: class path resource [com/jalasoft/jfc/controller/Md5ExtractorControllerTest-context.xml] does not exist
14:59:06.655 [Test worker] DEBUG org.springframework.test.context.support.AbstractContextLoader - Did not detect default resource location for test class [com.jalasoft.jfc.controller.Md5ExtractorControllerTest]: class path resource [com/jalasoft/jfc/controller/Md5ExtractorControllerTestContext.groovy] does not exist
14:59:06.655 [Test worker] INFO org.springframework.test.context.support.AbstractContextLoader - Could not detect default resource locations for test class [com.jalasoft.jfc.controller.Md5ExtractorControllerTest]: no resource found for suffixes {-context.xml, Context.groovy}.
14:59:06.690 [Test worker] DEBUG org.springframework.test.context.support.ActiveProfilesUtils - Could not find an 'annotation declaring class' for annotation type [org.springframework.test.context.ActiveProfiles] and class [com.jalasoft.jfc.controller.Md5ExtractorControllerTest]
14:59:06.719 [Test worker] DEBUG org.springframework.boot.test.context.SpringBootTestContextBootstrapper - @TestExecutionListeners is not present for class [com.jalasoft.jfc.controller.Md5ExtractorControllerTest]: using defaults.
14:59:06.722 [Test worker] INFO org.springframework.boot.test.context.SpringBootTestContextBootstrapper - Loaded default TestExecutionListener class names from location [META-INF/spring.factories]: [org.springframework.test.context.web.ServletTestExecutionListener, org.springframework.test.context.support.DirtiesContextBeforeModesTestExecutionListener, org.springframework.test.context.support.DependencyInjectionTestExecutionListener, org.springframework.test.context.support.DirtiesContextTestExecutionListener, org.springframework.test.context.transaction.TransactionalTestExecutionListener, org.springframework.test.context.jdbc.SqlScriptsTestExecutionListener, org.springframework.boot.test.autoconfigure.restdocs.RestDocsTestExecutionListener, org.springframework.boot.test.autoconfigure.web.client.MockRestServiceServerResetTestExecutionListener, org.springframework.boot.test.autoconfigure.web.servlet.MockMvcPrintOnlyOnFailureTestExecutionListener, org.springframework.boot.test.autoconfigure.web.servlet.WebDriverTestExecutionListener, org.springframework.boot.test.mock.mockito.MockitoTestExecutionListener, org.springframework.boot.test.mock.mockito.ResetMocksTestExecutionListener]
14:59:06.741 [Test worker] INFO org.springframework.boot.test.context.SpringBootTestContextBootstrapper - Using TestExecutionListeners: [org.springframework.test.context.web.ServletTestExecutionListener@37742e7d, org.springframework.test.context.support.DirtiesContextBeforeModesTestExecutionListener@1fc5c053, org.springframework.boot.test.autoconfigure.SpringBootDependencyInjectionTestExecutionListener@5c407267, org.springframework.test.context.support.DirtiesContextTestExecutionListener@472c06f1, org.springframework.test.context.transaction.TransactionalTestExecutionListener@513ddfaf, org.springframework.test.context.jdbc.SqlScriptsTestExecutionListener@60cb5a83, org.springframework.boot.test.autoconfigure.web.servlet.WebDriverTestExecutionListener@3fc7dfb7, org.springframework.boot.test.autoconfigure.web.servlet.MockMvcPrintOnlyOnFailureTestExecutionListener@187b4d30, org.springframework.boot.test.autoconfigure.web.client.MockRestServiceServerResetTestExecutionListener@27843937, org.springframework.boot.test.mock.mockito.ResetMocksTestExecutionListener@1d217006, org.springframework.boot.test.autoconfigure.restdocs.RestDocsTestExecutionListener@1c1a2e72, org.springframework.boot.test.mock.mockito.MockitoTestExecutionListener@5e4af20c]
14:59:06.744 [Test worker] DEBUG org.springframework.test.annotation.ProfileValueUtils - Retrieved @ProfileValueSourceConfiguration [null] for test class [com.jalasoft.jfc.controller.Md5ExtractorControllerTest]
14:59:06.744 [Test worker] DEBUG org.springframework.test.annotation.ProfileValueUtils - Retrieved ProfileValueSource type [class org.springframework.test.annotation.SystemProfileValueSource] for class [com.jalasoft.jfc.controller.Md5ExtractorControllerTest]
14:59:06.745 [Test worker] DEBUG org.springframework.test.annotation.ProfileValueUtils - Retrieved @ProfileValueSourceConfiguration [null] for test class [com.jalasoft.jfc.controller.Md5ExtractorControllerTest]
14:59:06.745 [Test worker] DEBUG org.springframework.test.annotation.ProfileValueUtils - Retrieved ProfileValueSource type [class org.springframework.test.annotation.SystemProfileValueSource] for class [com.jalasoft.jfc.controller.Md5ExtractorControllerTest]
14:59:06.749 [Test worker] DEBUG org.springframework.test.context.support.AbstractDirtiesContextTestExecutionListener - Before test class: context [DefaultTestContext@249969f4 testClass = Md5ExtractorControllerTest, testInstance = [null], testMethod = [null], testException = [null], mergedContextConfiguration = [WebMergedContextConfiguration@4ea0ac33 testClass = Md5ExtractorControllerTest, locations = '{}', classes = '{class com.jalasoft.jfc.Main, class com.jalasoft.jfc.Main}', contextInitializerClasses = '[]', activeProfiles = '{}', propertySourceLocations = '{}', propertySourceProperties = '{org.springframework.boot.test.context.SpringBootTestContextBootstrapper=true}', contextCustomizers = set[org.springframework.boot.test.autoconfigure.properties.PropertyMappingContextCustomizer@0, org.springframework.boot.test.autoconfigure.web.servlet.WebDriverContextCustomizerFactory$Customizer@2019d062, org.springframework.boot.test.context.SpringBootTestContextCustomizer@7d19ca70, org.springframework.boot.test.context.filter.ExcludeFilterContextCustomizer@56a24841, org.springframework.boot.test.json.DuplicateJsonObjectContextCustomizerFactory$DuplicateJsonObjectContextCustomizer@3abfbb98, org.springframework.boot.test.mock.mockito.MockitoContextCustomizer@0], resourceBasePath = 'src/main/webapp', contextLoader = 'org.springframework.boot.test.context.SpringBootContextLoader', parent = [null]]], class annotated with @DirtiesContext [false] with mode [null].
14:59:06.750 [Test worker] DEBUG org.springframework.test.annotation.ProfileValueUtils - Retrieved @ProfileValueSourceConfiguration [null] for test class [com.jalasoft.jfc.controller.Md5ExtractorControllerTest]
14:59:06.750 [Test worker] DEBUG org.springframework.test.annotation.ProfileValueUtils - Retrieved ProfileValueSource type [class org.springframework.test.annotation.SystemProfileValueSource] for class [com.jalasoft.jfc.controller.Md5ExtractorControllerTest]
14:59:06.810 [Test worker] DEBUG org.springframework.core.env.StandardEnvironment - Adding PropertySource 'systemProperties' with lowest search precedence
14:59:06.811 [Test worker] DEBUG org.springframework.core.env.StandardEnvironment - Adding PropertySource 'systemEnvironment' with lowest search precedence
14:59:06.812 [Test worker] DEBUG org.springframework.core.env.StandardEnvironment - Initialized StandardEnvironment with PropertySources [MapPropertySource@1670508119 {name='systemProperties', properties={java.runtime.name=Java(TM) SE Runtime Environment, sun.boot.library.path=C:\Program Files\Java\jdk1.8.0_231\jre\bin, java.vm.version=25.231-b11, java.vm.vendor=Oracle Corporation, java.vendor.url=http://java.oracle.com/, path.separator=;, java.vm.name=Java HotSpot(TM) 64-Bit Server VM, file.encoding.pkg=sun.io, user.script=, sun.java.launcher=SUN_STANDARD, user.country=BO, sun.os.patch.level=, java.vm.specification.name=Java Virtual Machine Specification, user.dir=C:\Users\alans\Documents\Alan\Automation Testing 11\Progra102\JFC, java.runtime.version=1.8.0_231-b11, java.awt.graphicsenv=sun.awt.Win32GraphicsEnvironment, java.endorsed.dirs=C:\Program Files\Java\jdk1.8.0_231\jre\lib\endorsed, os.arch=amd64, java.io.tmpdir=C:\Users\alans\AppData\Local\Temp\, line.separator=
, java.vm.specification.vendor=Oracle Corporation, user.variant=, os.name=Windows 10, sun.jnu.encoding=Cp1252, java.library.path=C:\Program Files\Java\jdk1.8.0_231\bin;C:\Windows\Sun\Java\bin;C:\Windows\system32;C:\Windows;C:\Users\alans\bin;C:\Program Files\Git\mingw64\bin;C:\Program Files\Git\usr\local\bin;C:\Program Files\Git\usr\bin;C:\Program Files\Git\usr\bin;C:\Program Files\Git\mingw64\bin;C:\Program Files\Git\usr\bin;C:\Users\alans\bin;C:\Program Files (x86)\Common Files\Oracle\Java\javapath;C:\Windows\system32;C:\Windows;C:\Windows\System32\Wbem;C:\Windows\System32\WindowsPowerShell\v1.0;C:\Windows\System32\OpenSSH;C:\Program Files\dotnet;C:\Program Files\Git\cmd;C:\Program Files (x86)\NVIDIA Corporation\PhysX\Common;C:\Program Files\NVIDIA Corporation\NVIDIA NvDLISR;C:\Users\alans\AppData\Local\Microsoft\WindowsApps;C:\Program Files\JetBrains\IntelliJ IDEA Community Edition 2019.3.1\bin;C:\Gradle\gradle-5.6.3\bin;C:\Program Files\Git\usr\bin\vendor_perl;C:\Program Files\Git\usr\bin\core_perl;., java.specification.name=Java Platform API Specification, java.class.version=52.0, org.gradle.native=false, sun.management.compiler=HotSpot 64-Bit Tiered Compilers, os.version=10.0, user.home=C:\Users\alans, user.timezone=America/La_Paz, java.awt.printerjob=sun.awt.windows.WPrinterJob, file.encoding=windows-1252, java.specification.version=1.8, java.class.path=C:\Users\alans\Documents\Alan\Automation Testing 11\Progra102\JFC\build\classes\java\test;C:\Users\alans\Documents\Alan\Automation Testing 11\Progra102\JFC\build\resources\test;C:\Users\alans\Documents\Alan\Automation Testing 11\Progra102\JFC\build\classes\java\main;C:\Users\alans\Documents\Alan\Automation Testing 11\Progra102\JFC\build\resources\main;C:\Users\alans\.gradle\caches\modules-2\files-2.1\org.springframework.boot\spring-boot-starter-web\1.5.7.RELEASE\a862305be8b7512a41f6768d825ed37251ccbbe0\spring-boot-starter-web-1.5.7.RELEASE.jar;C:\Users\alans\.gradle\caches\modules-2\files-2.1\io.springfox\springfox-swagger2\2.9.2\362676bc7f4c6f9f1d568741becab0dfc198c898\springfox-swagger2-2.9.2.jar;C:\Users\alans\.gradle\caches\modules-2\files-2.1\io.springfox\springfox-swagger-ui\2.0.2\d282bd0c0321614206438942246ed850ee5ecde9\springfox-swagger-ui-2.0.2.jar;C:\Users\alans\.gradle\caches\modules-2\files-2.1\org.apache.pdfbox\pdfbox\2.0.17\b5c8dff799bd967c70ccae75e6972327ae640d35\pdfbox-2.0.17.jar;C:\Users\alans\.gradle\caches\modules-2\files-2.1\org.im4java\im4java\1.4.0\2249b13b90619f89b747f56a83dfb05880f2c38\im4java-1.4.0.jar;C:\Users\alans\.gradle\caches\modules-2\files-2.1\io.rest-assured\spring-mock-mvc\3.0.0\1d470c666bcd7483969e3361795cadc58e3ba26a\spring-mock-mvc-3.0.0.jar;C:\Users\alans\.gradle\caches\modules-2\files-2.1\io.rest-assured\rest-assured\3.0.0\39c62d42ce7ab5c224b25b6cff281b06c263f4e0\rest-assured-3.0.0.jar;C:\Users\alans\.gradle\caches\modules-2\files-2.1\org.apache.httpcomponents\httpmime\4.5.3\889fd6d061bb63b99dd5c6aba35a555ae863de52\httpmime-4.5.3.jar;C:\Users\alans\.gradle\caches\modules-2\files-2.1\org.apache.httpcomponents\httpclient\4.5.3\d1577ae15f01ef5438c5afc62162457c00a34713\httpclient-4.5.3.jar;C:\Users\alans\.gradle\caches\modules-2\files-2.1\commons-codec\commons-codec\1.13\3f18e1aa31031d89db6f01ba05d501258ce69d2c\commons-codec-1.13.jar;C:\Users\alans\.gradle\caches\modules-2\files-2.1\io.jsonwebtoken\jjwt\0.2\91e12a0c77d8ea7dc97c60e3db85659325dd2e93\jjwt-0.2.jar;C:\Users\alans\.gradle\caches\modules-2\files-2.1\org.springframework.boot\spring-boot-starter-data-jpa\1.5.7.RELEASE\ccdf14487724b7c1343e5d2605f7170c026e405\spring-boot-starter-data-jpa-1.5.7.RELEASE.jar;C:\Users\alans\.gradle\caches\modules-2\files-2.1\mysql\mysql-connector-java\5.1.44\61b6b998192c85bb581c6be90e03dcd4b9079db4\mysql-connector-java-5.1.44.jar;C:\Users\alans\.gradle\caches\modules-2\files-2.1\org.springframework.boot\spring-boot-starter-test\2.2.2.RELEASE\2e45320f06cbba18741310d7280eb8fe51621c12\spring-boot-starter-test-2.2.2.RELEASE.jar;C:\Users\alans\.gradle\caches\modules-2\files-2.1\org.junit.vintage\junit-vintage-engine\5.5.2\c3422d2aed908952f9db3e7f3a396776e5a8e017\junit-vintage-engine-5.5.2.jar;C:\Users\alans\.gradle\caches\modules-2\files-2.1\junit\junit\4.12\2973d150c0dc1fefe998f834810d68f278ea58ec\junit-4.12.jar;C:\Users\alans\.gradle\caches\modules-2\files-2.1\org.springframework.boot\spring-boot-starter-aop\1.5.7.RELEASE\189098a72ccc0cca07ea42d6715c10524b5a93d1\spring-boot-starter-aop-1.5.7.RELEASE.jar;C:\Users\alans\.gradle\caches\modules-2\files-2.1\org.springframework.boot\spring-boot-starter-jdbc\1.5.7.RELEASE\98c652a5461ccbec70b55fd0f7815d9c9a37a082\spring-boot-starter-jdbc-1.5.7.RELEASE.jar;C:\Users\alans\.gradle\caches\modules-2\files-2.1\org.springframework.boot\spring-boot-starter\1.5.7.RELEASE\b42fe6962dd8b3be4ac8c1d7134d0ca2d0a35c7e\spring-boot-starter-1.5.7.RELEASE.jar;C:\Users\alans\.gradle\caches\modules-2\files-2.1\org.springframework.boot\spring-boot-starter-tomcat\1.5.7.RELEASE\eae533e2a0111a51d812912acb3d3e2368736d1b\spring-boot-starter-tomcat-1.5.7.RELEASE.jar;C:\Users\alans\.gradle\caches\modules-2\files-2.1\org.hibernate\hibernate-validator\5.3.5.Final\622a9bcef2eed6d41b5b8e0662c36212009e375\hibernate-validator-5.3.5.Final.jar;C:\Users\alans\.gradle\caches\modules-2\files-2.1\com.fasterxml.jackson.core\jackson-databind\2.8.10\f7b83cb2bc4b88d53961e749e1ad32f49ef017b7\jackson-databind-2.8.10.jar;C:\Users\alans\.gradle\caches\modules-2\files-2.1\org.springframework\spring-webmvc\4.3.11.RELEASE\814f91ec4dc324e724bbe7cbc5045b234604c539\spring-webmvc-4.3.11.RELEASE.jar;C:\Users\alans\.gradle\caches\modules-2\files-2.1\org.springframework\spring-web\4.3.11.RELEASE\50a3dfce550bdf9459dfb2c6282aa104b040258e\spring-web-4.3.11.RELEASE.jar;C:\Users\alans\.gradle\caches\modules-2\files-2.1\io.springfox\springfox-swagger-common\2.9.2\b38a41b3044af80cb7f41f67be5d158c9f6491ec\springfox-swagger-common-2.9.2.jar;C:\Users\alans\.gradle\caches\modules-2\files-2.1\io.swagger\swagger-models\1.5.20\fb3a23bad80c5ed84db9dd150db2cba699531458\swagger-models-1.5.20.jar;C:\Users\alans\.gradle\caches\modules-2\files-2.1\io.swagger\swagger-annotations\1.5.20\16051f93ce11ca489a5313775d825f82fcc2cd6c\swagger-annotations-1.5.20.jar;C:\Users\alans\.gradle\caches\modules-2\files-2.1\io.springfox\springfox-schema\2.9.2\e268f38774b16bb51a92ccaef0dcf3dc651c0cee\springfox-schema-2.9.2.jar;C:\Users\alans\.gradle\caches\modules-2\files-2.1\io.springfox\springfox-spring-web\2.9.2\ed2ed714a6cba8804d00f80f0534901e4c7a3211\springfox-spring-web-2.9.2.jar;C:\Users\alans\.gradle\caches\modules-2\files-2.1\io.springfox\springfox-spi\2.9.2\6ac686190a6ceaccdae8b50d03b0501d144a6666\springfox-spi-2.9.2.jar;C:\Users\alans\.gradle\caches\modules-2\files-2.1\io.springfox\springfox-core\2.9.2\2e26f58939c594fb5c958c3a1c7bedf83d2f2702\springfox-core-2.9.2.jar;C:\Users\alans\.gradle\caches\modules-2\files-2.1\com.google.guava\guava\20.0\89507701249388e1ed5ddcf8c41f4ce1be7831ef\guava-20.0.jar;C:\Users\alans\.gradle\caches\modules-2\files-2.1\com.fasterxml\classmate\1.3.4\3d5f48f10bbe4eb7bd862f10c0583be2e0053c6\classmate-1.3.4.jar;C:\Users\alans\.gradle\caches\modules-2\files-2.1\org.springframework.plugin\spring-plugin-metadata\1.2.0.RELEASE\97223fc496b6cab31602eedbd4202aa4fff0d44f\spring-plugin-metadata-1.2.0.RELEASE.jar;C:\Users\alans\.gradle\caches\modules-2\files-2.1\org.springframework.plugin\spring-plugin-core\1.2.0.RELEASE\f380e7760032e7d929184f8ad8a33716b75c0657\spring-plugin-core-1.2.0.RELEASE.jar;C:\Users\alans\.gradle\caches\modules-2\files-2.1\org.springframework.data\spring-data-jpa\1.11.7.RELEASE\587051cc7d7a3ddfac6098d623a658abb2f15865\spring-data-jpa-1.11.7.RELEASE.jar;C:\Users\alans\.gradle\caches\modules-2\files-2.1\com.jayway.jsonpath\json-path\2.2.0\22290d17944bd239fabf5ac69005a60a7ecbbbcb\json-path-2.2.0.jar;C:\Users\alans\.gradle\caches\modules-2\files-2.1\org.springframework.data\spring-data-commons\1.13.7.RELEASE\cf4538abda1f0a9cf2323d6e4204df0130aeec73\spring-data-commons-1.13.7.RELEASE.jar;C:\Users\alans\.gradle\caches\modules-2\files-2.1\org.springframework.boot\spring-boot-starter-logging\1.5.7.RELEASE\c84c4ea09d7f789a0d5e936a961471e5dbd9295e\spring-boot-starter-logging-1.5.7.RELEASE.jar;C:\Users\alans\.gradle\caches\modules-2\files-2.1\org.slf4j\jcl-over-slf4j\1.7.25\f8c32b13ff142a513eeb5b6330b1588dcb2c0461\jcl-over-slf4j-1.7.25.jar;C:\Users\alans\.gradle\caches\modules-2\files-2.1\ch.qos.logback\logback-classic\1.1.11\ccedfbacef4a6515d2983e3f89ed753d5d4fb665\logback-classic-1.1.11.jar;C:\Users\alans\.gradle\caches\modules-2\files-2.1\org.slf4j\jul-to-slf4j\1.7.25\af5364cd6679bfffb114f0dec8a157aaa283b76\jul-to-slf4j-1.7.25.jar;C:\Users\alans\.gradle\caches\modules-2\files-2.1\org.slf4j\log4j-over-slf4j\1.7.25\a87bb47468f47ee7aabbd54f93e133d4215769c3\log4j-over-slf4j-1.7.25.jar;C:\Users\alans\.gradle\caches\modules-2\files-2.1\org.slf4j\slf4j-api\1.7.25\da76ca59f6a57ee3102f8f9bd9cee742973efa8a\slf4j-api-1.7.25.jar;C:\Users\alans\.gradle\caches\modules-2\files-2.1\org.mapstruct\mapstruct\1.2.0.Final\8609d6eb044e9f6c73cb24c8f2f4ed5c72a249c7\mapstruct-1.2.0.Final.jar;C:\Users\alans\.gradle\caches\modules-2\files-2.1\org.apache.pdfbox\fontbox\2.0.17\d42c5eda5b232866a230c36a26fc22ae6e966ffa\fontbox-2.0.17.jar;C:\Users\alans\.gradle\caches\modules-2\files-2.1\org.springframework\spring-test\4.3.11.RELEASE\cf765b5d6d6bdc38c67522ecae3fe9549da43e1\spring-test-4.3.11.RELEASE.jar;C:\Users\alans\.gradle\caches\modules-2\files-2.1\org.springframework.boot\spring-boot-test-autoconfigure\1.5.7.RELEASE\8bead16b97c9f1b5fe7c47f3e030dd9351a6974d\spring-boot-test-autoconfigure-1.5.7.RELEASE.jar;C:\Users\alans\.gradle\caches\modules-2\files-2.1\org.springframework.boot\spring-boot-test\1.5.7.RELEASE\b8d77445d48f4320f404d8f13f4e5cb95bc36b30\spring-boot-test-1.5.7.RELEASE.jar;C:\Users\alans\.gradle\caches\modules-2\files-2.1\org.springframework.boot\spring-boot-autoconfigure\1.5.7.RELEASE\e83f1407ff991e9e7eb156f49fa19d868bb73289\spring-boot-autoconfigure-1.5.7.RELEASE.jar;C:\Users\alans\.gradle\caches\modules-2\files-2.1\org.springframework.boot\spring-boot\1.5.7.RELEASE\1006870df7b3dc203df7ce84463c5dd7049fdaa4\spring-boot-1.5.7.RELEASE.jar;C:\Users\alans\.gradle\caches\modules-2\files-2.1\org.springframework\spring-context\4.3.11.RELEASE\3efec2d7c7469d49108a2b21c3f15831f7297569\spring-context-4.3.11.RELEASE.jar;C:\Users\alans\.gradle\caches\modules-2\files-2.1\org.springframework\spring-aop\4.3.11.RELEASE\461d0bb58f1de30203d9331adf4b51de9554de5a\spring-aop-4.3.11.RELEASE.jar;C:\Users\alans\.gradle\caches\modules-2\files-2.1\org.springframework\spring-orm\4.3.11.RELEASE\7ba1b25ad62b29295aa90ae88f9f35e84861953c\spring-orm-4.3.11.RELEASE.jar;C:\Users\alans\.gradle\caches\modules-2\files-2.1\org.springframework\spring-jdbc\4.3.11.RELEASE\642ed7497d327f299caccb930af6b65e229864c4\spring-jdbc-4.3.11.RELEASE.jar;C:\Users\alans\.gradle\caches\modules-2\files-2.1\org.springframework\spring-tx\4.3.11.RELEASE\c931ee363d2269f03edfeb83d7d7fe23924ab8a1\spring-tx-4.3.11.RELEASE.jar;C:\Users\alans\.gradle\caches\modules-2\files-2.1\org.springframework\spring-beans\4.3.11.RELEASE\591cc35fd39292adae13f01aa13e978d0bb11936\spring-beans-4.3.11.RELEASE.jar;C:\Users\alans\.gradle\caches\modules-2\files-2.1\org.springframework\spring-expression\4.3.11.RELEASE\fca662a2fccdad90ec22b2aaecb021047dcbe249\spring-expression-4.3.11.RELEASE.jar;C:\Users\alans\.gradle\caches\modules-2\files-2.1\org.springframework\spring-core\4.3.11.RELEASE\eb30ed093f628279d3aead068fd478fa343f1dad\spring-core-4.3.11.RELEASE.jar;C:\Users\alans\.gradle\caches\modules-2\files-2.1\commons-logging\commons-logging\1.2\4bfc12adfe4842bf07b657f0369c4cb522955686\commons-logging-1.2.jar;C:\Users\alans\.gradle\caches\modules-2\files-2.1\org.hibernate\hibernate-entitymanager\5.0.12.Final\302a526f5058290e9cbd719a5caf9f248d344719\hibernate-entitymanager-5.0.12.Final.jar;C:\Users\alans\.gradle\caches\modules-2\files-2.1\org.hibernate\hibernate-core\5.0.12.Final\e58bf1c660e6706d8e2cbb53bae110f574366102\hibernate-core-5.0.12.Final.jar;C:\Users\alans\.gradle\caches\modules-2\files-2.1\javax.transaction\javax.transaction-api\1.2\d81aff979d603edd90dcd8db2abc1f4ce6479e3e\javax.transaction-api-1.2.jar;C:\Users\alans\.gradle\caches\modules-2\files-2.1\org.springframework\spring-aspects\4.3.11.RELEASE\38ab744d37aef58762a03dbe7ab1479070ebadc6\spring-aspects-4.3.11.RELEASE.jar;C:\Users\alans\.gradle\caches\modules-2\files-2.1\org.mockito\mockito-junit-jupiter\3.1.0\3c181fd8296b86671a8a466b642ba564b1237c13\mockito-junit-jupiter-3.1.0.jar;C:\Users\alans\.gradle\caches\modules-2\files-2.1\org.mockito\mockito-core\1.10.19\e8546f5bef4e061d8dd73895b4e8f40e3fe6effe\mockito-core-1.10.19.jar;C:\Users\alans\.gradle\caches\modules-2\files-2.1\org.hamcrest\hamcrest-library\1.3\4785a3c21320980282f9f33d0d1264a69040538f\hamcrest-library-1.3.jar;C:\Users\alans\.gradle\caches\modules-2\files-2.1\org.hamcrest\hamcrest-core\1.3\42a25dc3219429f0e5d060061f71acb49bf010a0\hamcrest-core-1.3.jar;C:\Users\alans\.gradle\caches\modules-2\files-2.1\jakarta.xml.bind\jakarta.xml.bind-api\2.3.2\8d49996a4338670764d7ca4b85a1c4ccf7fe665d\jakarta.xml.bind-api-2.3.2.jar;C:\Users\alans\.gradle\caches\modules-2\files-2.1\org.junit.jupiter\junit-jupiter\5.5.2\f8561a498ec26b24a3a64aebb6b2307fed000a33\junit-jupiter-5.5.2.jar;C:\Users\alans\.gradle\caches\modules-2\files-2.1\org.assertj\assertj-core\2.6.0\b532c3fc4f66bcfee4989a3514f1cd56203a33ad\assertj-core-2.6.0.jar;C:\Users\alans\.gradle\caches\modules-2\files-2.1\org.hamcrest\hamcrest\2.1\9420ba32c29217b54eebd26ff7f9234d31c3fbb2\hamcrest-2.1.jar;C:\Users\alans\.gradle\caches\modules-2\files-2.1\org.skyscreamer\jsonassert\1.4.0\9cdbb373a06f6513e51e8c545ee6a5e981463edb\jsonassert-1.4.0.jar;C:\Users\alans\.gradle\caches\modules-2\files-2.1\org.xmlunit\xmlunit-core\2.6.3\cdb208320aed4a7b94fb236cfbf91aeb6d0ede14\xmlunit-core-2.6.3.jar;C:\Users\alans\.gradle\caches\modules-2\files-2.1\org.yaml\snakeyaml\1.17\7a27ea250c5130b2922b86dea63cbb1cc10a660c\snakeyaml-1.17.jar;C:\Users\alans\.gradle\caches\modules-2\files-2.1\org.apache.tomcat.embed\tomcat-embed-websocket\8.5.20\4df9055507926a2651f691cc9964c50493a0ab29\tomcat-embed-websocket-8.5.20.jar;C:\Users\alans\.gradle\caches\modules-2\files-2.1\org.apache.tomcat.embed\tomcat-embed-core\8.5.20\b9026ee20f1f6a2b0fc3e51dd806d800901448b0\tomcat-embed-core-8.5.20.jar;C:\Users\alans\.gradle\caches\modules-2\files-2.1\org.apache.tomcat.embed\tomcat-embed-el\8.5.20\42960f481a8a80f4ffd3b865c2232820e3565bf1\tomcat-embed-el-8.5.20.jar;C:\Users\alans\.gradle\caches\modules-2\files-2.1\javax.validation\validation-api\1.1.0.Final\8613ae82954779d518631e05daa73a6a954817d5\validation-api-1.1.0.Final.jar;C:\Users\alans\.gradle\caches\modules-2\files-2.1\org.hibernate.common\hibernate-commons-annotations\5.0.1.Final\71e1cff3fcb20d3b3af4f3363c3ddb24d33c6879\hibernate-commons-annotations-5.0.1.Final.jar;C:\Users\alans\.gradle\caches\modules-2\files-2.1\org.jboss.logging\jboss-logging\3.3.1.Final\c46217ab74b532568c0ed31dc599db3048bd1b67\jboss-logging-3.3.1.Final.jar;C:\Users\alans\.gradle\caches\modules-2\files-2.1\com.fasterxml.jackson.core\jackson-annotations\2.8.0\45b426f7796b741035581a176744d91090e2e6fb\jackson-annotations-2.8.0.jar;C:\Users\alans\.gradle\caches\modules-2\files-2.1\com.fasterxml.jackson.core\jackson-core\2.8.10\eb21a035c66ad307e66ec8fce37f5d50fd62d039\jackson-core-2.8.10.jar;C:\Users\alans\.gradle\caches\modules-2\files-2.1\org.aspectj\aspectjweaver\1.8.10\e198c5fee28988c355f74e06461614eae36b2032\aspectjweaver-1.8.10.jar;C:\Users\alans\.gradle\caches\modules-2\files-2.1\org.apache.tomcat\tomcat-jdbc\8.5.20\10d0d288d837ddfc92096920e4571054a3934160\tomcat-jdbc-8.5.20.jar;C:\Users\alans\.gradle\caches\modules-2\files-2.1\org.hibernate.javax.persistence\hibernate-jpa-2.1-api\1.0.0.Final\5e731d961297e5a07290bfaf3db1fbc8bbbf405a\hibernate-jpa-2.1-api-1.0.0.Final.jar;C:\Users\alans\.gradle\caches\modules-2\files-2.1\org.javassist\javassist\3.21.0-GA\598244f595db5c5fb713731eddbb1c91a58d959b\javassist-3.21.0-GA.jar;C:\Users\alans\.gradle\caches\modules-2\files-2.1\antlr\antlr\2.7.7\83cd2cd674a217ade95a4bb83a8a14f351f48bd0\antlr-2.7.7.jar;C:\Users\alans\.gradle\caches\modules-2\files-2.1\org.jboss\jandex\2.0.0.Final\3e899258936f94649c777193e1be846387ed54b3\jandex-2.0.0.Final.jar;C:\Users\alans\.gradle\caches\modules-2\files-2.1\dom4j\dom4j\1.6.1\5d3ccc056b6f056dbf0dddfdf43894b9065a8f94\dom4j-1.6.1.jar;C:\Users\alans\.gradle\caches\modules-2\files-2.1\io.rest-assured\xml-path\3.0.0\a7459d08df2843a4258ea0986e327c00a0ddf721\xml-path-3.0.0.jar;C:\Users\alans\.gradle\caches\modules-2\files-2.1\org.codehaus.groovy\groovy-xml\2.4.12\b5c023bbbc8a4bbf9c0b38d731fe31d53f00c64a\groovy-xml-2.4.12.jar;C:\Users\alans\.gradle\caches\modules-2\files-2.1\io.rest-assured\json-path\3.0.0\b5c4158eb1d41d2b80292f1754862762c0bc1696\json-path-3.0.0.jar;C:\Users\alans\.gradle\caches\modules-2\files-2.1\org.codehaus.groovy\groovy-json\2.4.12\810b46f2b359b904c4c7428ad4c03c09094a01ff\groovy-json-2.4.12.jar;C:\Users\alans\.gradle\caches\modules-2\files-2.1\io.rest-assured\rest-assured-common\3.0.0\53720cc91e21a194064dbbe709ec8ed1e69dc49d\rest-assured-common-3.0.0.jar;C:\Users\alans\.gradle\caches\modules-2\files-2.1\org.codehaus.groovy\groovy\2.4.12\a43be367110c491787219f1c128b5b5fc54f1e70\groovy-2.4.12.jar;C:\Users\alans\.gradle\caches\modules-2\files-2.1\org.ccil.cowan.tagsoup\tagsoup\1.2.1\5584627487e984c03456266d3f8802eb85a9ce97\tagsoup-1.2.1.jar;C:\Users\alans\.gradle\caches\modules-2\files-2.1\net.minidev\json-smart\2.2.1\5b9e5df7a62d1279b70dc882b041d249c4f0b002\json-smart-2.2.1.jar;C:\Users\alans\.gradle\caches\modules-2\files-2.1\jakarta.activation\jakarta.activation-api\1.2.1\562a587face36ec7eff2db7f2fc95425c6602bc1\jakarta.activation-api-1.2.1.jar;C:\Users\alans\.gradle\caches\modules-2\files-2.1\org.junit.jupiter\junit-jupiter-params\5.5.2\e0659722923bd9fdfa08602e2da22bd5a9d354e8\junit-jupiter-params-5.5.2.jar;C:\Users\alans\.gradle\caches\modules-2\files-2.1\org.junit.jupiter\junit-jupiter-engine\5.5.2\f597408bde45371548f9e9791da7981a1134328d\junit-jupiter-engine-5.5.2.jar;C:\Users\alans\.gradle\caches\modules-2\files-2.1\org.junit.jupiter\junit-jupiter-api\5.5.2\6393db7e4c0265152d8fc4ff146633d1a7d36c47\junit-jupiter-api-5.5.2.jar;C:\Users\alans\.gradle\caches\modules-2\files-2.1\org.junit.platform\junit-platform-engine\1.5.2\d5697f6ebe0b4d08c0210b5b98b4e1a40f40dfc6\junit-platform-engine-1.5.2.jar;C:\Users\alans\.gradle\caches\modules-2\files-2.1\org.junit.platform\junit-platform-commons\1.5.2\9703df63b65d415b2a027d43ce908c625b3aedce\junit-platform-commons-1.5.2.jar;C:\Users\alans\.gradle\caches\modules-2\files-2.1\org.apiguardian\apiguardian-api\1.1.0\fc9dff4bb36d627bdc553de77e1f17efd790876c\apiguardian-api-1.1.0.jar;C:\Users\alans\.gradle\caches\modules-2\files-2.1\org.objenesis\objenesis\2.1\87c0ea803b69252868d09308b4618f766f135a96\objenesis-2.1.jar;C:\Users\alans\.gradle\caches\modules-2\files-2.1\com.vaadin.external.google\android-json\0.0.20131108.vaadin1\fa26d351fe62a6a17f5cda1287c1c6110dec413f\android-json-0.0.20131108.vaadin1.jar;C:\Users\alans\.gradle\caches\modules-2\files-2.1\net.bytebuddy\byte-buddy\1.8.12\82a340b11ea0a55e5d51b3ae559003454b8bf320\byte-buddy-1.8.12.jar;C:\Users\alans\.gradle\caches\modules-2\files-2.1\org.apache.tomcat\tomcat-juli\8.5.20\6c0579d329696059f377585d2a51455bf083d9ee\tomcat-juli-8.5.20.jar;C:\Users\alans\.gradle\caches\modules-2\files-2.1\org.apache.httpcomponents\httpcore\4.4.6\e3fd8ced1f52c7574af952e2e6da0df8df08eb82\httpcore-4.4.6.jar;C:\Users\alans\.gradle\caches\modules-2\files-2.1\org.apache.commons\commons-lang3\3.4\5fe28b9518e58819180a43a850fbc0dd24b7c050\commons-lang3-3.4.jar;C:\Users\alans\.gradle\caches\modules-2\files-2.1\net.minidev\accessors-smart\1.1\a527213f2fea112a04c9bdf0ec0264e34104cd08\accessors-smart-1.1.jar;C:\Users\alans\.gradle\caches\modules-2\files-2.1\org.opentest4j\opentest4j\1.2.0\28c11eb91f9b6d8e200631d46e20a7f407f2a046\opentest4j-1.2.0.jar;C:\Users\alans\.gradle\caches\modules-2\files-2.1\ch.qos.logback\logback-core\1.1.11\88b8df40340eed549fb07e2613879bf6b006704d\logback-core-1.1.11.jar;C:\Users\alans\.gradle\caches\modules-2\files-2.1\org.ow2.asm\asm\5.0.3\dcc2193db20e19e1feca8b1240dbbc4e190824fa\asm-5.0.3.jar, user.name=alans, java.vm.specification.version=1.8, sun.java.command=worker.org.gradle.process.internal.worker.GradleWorkerMain 'Gradle Test Executor 5', java.home=C:\Program Files\Java\jdk1.8.0_231\jre, sun.arch.data.model=64, user.language=es, java.specification.vendor=Oracle Corporation, awt.toolkit=sun.awt.windows.WToolkit, java.vm.info=mixed mode, java.version=1.8.0_231, java.ext.dirs=C:\Program Files\Java\jdk1.8.0_231\jre\lib\ext;C:\Windows\Sun\Java\lib\ext, sun.boot.class.path=C:\Program Files\Java\jdk1.8.0_231\jre\lib\resources.jar;C:\Program Files\Java\jdk1.8.0_231\jre\lib\rt.jar;C:\Program Files\Java\jdk1.8.0_231\jre\lib\sunrsasign.jar;C:\Program Files\Java\jdk1.8.0_231\jre\lib\jsse.jar;C:\Program Files\Java\jdk1.8.0_231\jre\lib\jce.jar;C:\Program Files\Java\jdk1.8.0_231\jre\lib\charsets.jar;C:\Program Files\Java\jdk1.8.0_231\jre\lib\jfr.jar;C:\Program Files\Java\jdk1.8.0_231\jre\classes, java.vendor=Oracle Corporation, org.gradle.test.worker=5, file.separator=\, java.vendor.url.bug=http://bugreport.sun.com/bugreport/, sun.io.unicode.encoding=UnicodeLittle, sun.cpu.endian=little, sun.desktop=windows, sun.cpu.isalist=amd64}}, SystemEnvironmentPropertySource@890375072 {name='systemEnvironment', properties={PATH=C:\Users\alans\bin;C:\Program Files\Git\mingw64\bin;C:\Program Files\Git\usr\local\bin;C:\Program Files\Git\usr\bin;C:\Program Files\Git\usr\bin;C:\Program Files\Git\mingw64\bin;C:\Program Files\Git\usr\bin;C:\Users\alans\bin;C:\Program Files (x86)\Common Files\Oracle\Java\javapath;C:\Windows\system32;C:\Windows;C:\Windows\System32\Wbem;C:\Windows\System32\WindowsPowerShell\v1.0;C:\Windows\System32\OpenSSH;C:\Program Files\dotnet;C:\Program Files\Git\cmd;C:\Program Files (x86)\NVIDIA Corporation\PhysX\Common;C:\Program Files\NVIDIA Corporation\NVIDIA NvDLISR;C:\Users\alans\AppData\Local\Microsoft\WindowsApps;C:\Program Files\JetBrains\IntelliJ IDEA Community Edition 2019.3.1\bin;C:\Gradle\gradle-5.6.3\bin;C:\Program Files\Git\usr\bin\vendor_perl;C:\Program Files\Git\usr\bin\core_perl, USERDOMAIN_ROAMINGPROFILE=DESKTOP-DE9P51R, PKG_CONFIG_PATH=C:\Program Files\Git\mingw64\lib\pkgconfig;C:\Program Files\Git\mingw64\share\pkgconfig, MSYSTEM_PREFIX=C:/Program Files/Git/mingw64, PROCESSOR_LEVEL=6, SYSTEMDRIVE=C:, CONFIG_SITE=C:/Program Files/Git/mingw64/etc/config.site, SESSIONNAME=Console, ALLUSERSPROFILE=C:\ProgramData, PROCESSOR_ARCHITECTURE=AMD64, MSYSTEM_CHOST=x86_64-w64-mingw32, PSModulePath=C:\Program Files\WindowsPowerShell\Modules;C:\Windows\system32\WindowsPowerShell\v1.0\Modules;C:\Program Files\Intel\Wired Networking\, ORIGINAL_TEMP=C:/Users/alans/AppData/Local/Temp, PROGRAMFILES=C:\Program Files, USERNAME=alans, PWD=C:/Users/alans/Documents/Alan/Automation Testing 11/Progra102/JFC, ProgramFiles(x86)=C:\Program Files (x86), INFOPATH=C:\Program Files\Git\usr\local\info;C:\Program Files\Git\usr\share\info;C:\Program Files\Git\usr\info;C:\Program Files\Git\share\info, PATHEXT=.COM;.EXE;.BAT;.CMD;.VBS;.VBE;.JS;.JSE;.WSF;.WSH;.MSC, SHELL=C:\Program Files\Git\usr\bin\bash.exe, DriverData=C:\Windows\System32\Drivers\DriverData, OneDriveConsumer=C:\Users\alans\OneDrive, IntelliJ IDEA Community Edition=C:\Program Files\JetBrains\IntelliJ IDEA Community Edition 2019.3.1\bin;, ORIGINAL_TMP=C:/Users/alans/AppData/Local/Temp, OLDPWD=C:/Gradle/gradle-5.6.3, TMPDIR=C:\Users\alans\AppData\Local\Temp, WINDIR=C:\Windows, ProgramData=C:\ProgramData, ProgramW6432=C:\Program Files, SSH_ASKPASS=C:/Program Files/Git/mingw64/libexec/git-core/git-gui--askpass, HOMEPATH=\Users\alans, PROCESSOR_IDENTIFIER=Intel64 Family 6 Model 94 Stepping 3, GenuineIntel, PUBLIC=C:\Users\Public, MINGW_CHOST=x86_64-w64-mingw32, EXEPATH=C:\Program Files\Git, SHLVL=1, LOCALAPPDATA=C:\Users\alans\AppData\Local, ORIGINAL_PATH=C:\Program Files\Git\mingw64\bin;C:\Program Files\Git\usr\bin;C:\Users\alans\bin;C:\Program Files (x86)\Common Files\Oracle\Java\javapath;C:\Windows\system32;C:\Windows;C:\Windows\System32\Wbem;C:\Windows\System32\WindowsPowerShell\v1.0;C:\Windows\System32\OpenSSH;C:\Program Files\dotnet;C:\Program Files\Git\cmd;C:\Program Files (x86)\NVIDIA Corporation\PhysX\Common;C:\Program Files\NVIDIA Corporation\NVIDIA NvDLISR;C:\Users\alans\AppData\Local\Microsoft\WindowsApps;C:\Program Files\JetBrains\IntelliJ IDEA Community Edition 2019.3.1\bin;C:\Gradle\gradle-5.6.3\bin, MANPATH=C:\Program Files\Git\mingw64\local\man;C:\Program Files\Git\mingw64\share\man;C:\Program Files\Git\usr\local\man;C:\Program Files\Git\usr\share\man;C:\Program Files\Git\usr\man;C:\Program Files\Git\share\man, MINGW_PACKAGE_PREFIX=mingw-w64-x86_64, USERDOMAIN=DESKTOP-DE9P51R, LOGONSERVER=\\DESKTOP-DE9P51R, PLINK_PROTOCOL=ssh, TERM=xterm, LANG=es_ES.UTF-8, MINGW_PREFIX=C:/Program Files/Git/mingw64, DISPLAY=needs-to-be-defined, MSYSTEM=MINGW64, OneDrive=C:\Users\alans\OneDrive, APPDATA=C:\Users\alans\AppData\Roaming, SYSTEMROOT=C:\Windows, OS=Windows_NT, COMPUTERNAME=DESKTOP-DE9P51R, COMMONPROGRAMFILES=C:\Program Files\Common Files, COMSPEC=C:\Windows\system32\cmd.exe, PROCESSOR_REVISION=5e03, CommonProgramW6432=C:\Program Files\Common Files, ACLOCAL_PATH=C:\Program Files\Git\mingw64\share\aclocal;C:\Program Files\Git\usr\share\aclocal, MSYSTEM_CARCH=x86_64, TEMP=C:\Users\alans\AppData\Local\Temp, HOSTNAME=DESKTOP-DE9P51R, HOMEDRIVE=C:, USERPROFILE=C:\Users\alans, TMP=C:\Users\alans\AppData\Local\Temp, CommonProgramFiles(x86)=C:\Program Files (x86)\Common Files, NUMBER_OF_PROCESSORS=8, HOME=C:\Users\alans}}]
14:59:06.816 [Test worker] DEBUG org.springframework.core.env.MutablePropertySources - Adding PropertySource 'inline' with highest search precedence
14:59:06.821 [Test worker] DEBUG org.springframework.test.context.support.TestPropertySourceUtils - Adding inlined properties to environment: {spring.jmx.enabled=false, org.springframework.boot.test.context.SpringBootTestContextBootstrapper=true, server.port=-1}
14:59:06.822 [Test worker] DEBUG org.springframework.core.env.StandardEnvironment - Adding PropertySource 'Inlined Test Properties' with highest search precedence

  .   ____          _            __ _ _
 /\\ / ___'_ __ _ _(_)_ __  __ _ \ \ \ \
( ( )\___ | '_ | '_| | '_ \/ _` | \ \ \ \
 \\/  ___)| |_)| | | | | || (_| |  ) ) ) )
  '  |____| .__|_| |_|_| |_\__, | / / / /
 =========|_|==============|___/=/_/_/_/
 :: Spring Boot ::        (v1.5.7.RELEASE)

2020-01-12 14:59:07.093  INFO 18700 --- [    Test worker] c.j.j.c.Md5ExtractorControllerTest       : Starting Md5ExtractorControllerTest on DESKTOP-DE9P51R with PID 18700 (started by alans in C:\Users\alans\Documents\Alan\Automation Testing 11\Progra102\JFC)
2020-01-12 14:59:07.094  INFO 18700 --- [    Test worker] c.j.j.c.Md5ExtractorControllerTest       : No active profile set, falling back to default profiles: default
2020-01-12 14:59:08.858  INFO 18700 --- [    Test worker] o.s.w.c.s.GenericWebApplicationContext   : Refreshing org.springframework.web.context.support.GenericWebApplicationContext@197c678: startup date [Sun Jan 12 14:59:08 BOT 2020]; root of context hierarchy
2020-01-12 14:59:11.049  INFO 18700 --- [    Test worker] trationDelegate$BeanPostProcessorChecker : Bean 'org.springframework.transaction.annotation.ProxyTransactionManagementConfiguration' of type [org.springframework.transaction.annotation.ProxyTransactionManagementConfiguration$$EnhancerBySpringCGLIB$$5754ec24] is not eligible for getting processed by all BeanPostProcessors (for example: not eligible for auto-proxying)
2020-01-12 14:59:12.645  INFO 18700 --- [    Test worker] j.LocalContainerEntityManagerFactoryBean : Building JPA container EntityManagerFactory for persistence unit 'default'
2020-01-12 14:59:12.669  INFO 18700 --- [    Test worker] o.hibernate.jpa.internal.util.LogHelper  : HHH000204: Processing PersistenceUnitInfo [
	name: default
	...]
2020-01-12 14:59:13.364  INFO 18700 --- [    Test worker] org.hibernate.Version                    : HHH000412: Hibernate Core {5.0.12.Final}
2020-01-12 14:59:13.366  INFO 18700 --- [    Test worker] org.hibernate.cfg.Environment            : HHH000206: hibernate.properties not found
2020-01-12 14:59:13.368  INFO 18700 --- [    Test worker] org.hibernate.cfg.Environment            : HHH000021: Bytecode provider name : javassist
2020-01-12 14:59:13.428  INFO 18700 --- [    Test worker] o.hibernate.annotations.common.Version   : HCANN000001: Hibernate Commons Annotations {5.0.1.Final}
2020-01-12 14:59:13.610  INFO 18700 --- [    Test worker] org.hibernate.dialect.Dialect            : HHH000400: Using dialect: org.hibernate.dialect.MySQL5Dialect
2020-01-12 14:59:14.113  INFO 18700 --- [    Test worker] org.hibernate.tool.hbm2ddl.SchemaUpdate  : HHH000228: Running hbm2ddl schema update
2020-01-12 14:59:14.500  INFO 18700 --- [    Test worker] j.LocalContainerEntityManagerFactoryBean : Initialized JPA EntityManagerFactory for persistence unit 'default'
2020-01-12 14:59:15.410  INFO 18700 --- [    Test worker] s.w.s.m.m.a.RequestMappingHandlerMapping : Mapped "{[/api/audioConverter],methods=[POST]}" onto public com.jalasoft.jfc.model.result.Response com.jalasoft.jfc.controller.AudioConverterController.audioConverter(org.springframework.web.multipart.MultipartFile,java.lang.String,java.lang.String,java.lang.String,int,java.lang.String,short,boolean,java.lang.String,javax.servlet.http.HttpServletRequest)
2020-01-12 14:59:15.413  INFO 18700 --- [    Test worker] s.w.s.m.m.a.RequestMappingHandlerMapping : Mapped "{[/api/download/{fileName:.+}],methods=[GET]}" onto public org.springframework.http.ResponseEntity com.jalasoft.jfc.controller.DownloadController.download(java.lang.String) throws java.lang.Exception
2020-01-12 14:59:15.414  INFO 18700 --- [    Test worker] s.w.s.m.m.a.RequestMappingHandlerMapping : Mapped "{[/api/imageConverter],methods=[POST]}" onto public com.jalasoft.jfc.model.result.Response com.jalasoft.jfc.controller.ImageConverterController.imageConverter(org.springframework.web.multipart.MultipartFile,java.lang.String,java.lang.String,java.lang.String,boolean,boolean,boolean,int,int,float,javax.servlet.http.HttpServletRequest)
2020-01-12 14:59:15.415  INFO 18700 --- [    Test worker] s.w.s.m.m.a.RequestMappingHandlerMapping : Mapped "{[/api/extractMd5],methods=[POST]}" onto public org.springframework.http.ResponseEntity<java.lang.String> com.jalasoft.jfc.controller.Md5ExtractorController.extractMd5(org.springframework.web.multipart.MultipartFile) throws com.jalasoft.jfc.model.exception.Md5Exception
2020-01-12 14:59:15.416  INFO 18700 --- [    Test worker] s.w.s.m.m.a.RequestMappingHandlerMapping : Mapped "{[/api/metadataConverter],methods=[POST]}" onto public org.springframework.http.ResponseEntity<com.jalasoft.jfc.model.result.Response> com.jalasoft.jfc.controller.MetadataConverterController.metadataConverter(org.springframework.web.multipart.MultipartFile,javax.servlet.http.HttpServletRequest) throws com.jalasoft.jfc.model.exception.Md5Exception
2020-01-12 14:59:15.416  INFO 18700 --- [    Test worker] s.w.s.m.m.a.RequestMappingHandlerMapping : Mapped "{[/api/pdfConverter],methods=[POST]}" onto public com.jalasoft.jfc.model.result.Response com.jalasoft.jfc.controller.PdfConverterController.pdfConverter(org.springframework.web.multipart.MultipartFile,java.lang.String,java.lang.String,int,java.lang.String,boolean,boolean,java.lang.String,int,int,java.lang.String,javax.servlet.http.HttpServletRequest)
2020-01-12 14:59:15.417  INFO 18700 --- [    Test worker] s.w.s.m.m.a.RequestMappingHandlerMapping : Mapped "{[/api/pptxConverterToPdf],methods=[POST]}" onto public com.jalasoft.jfc.model.result.Response com.jalasoft.jfc.controller.PptxConverterController.pptxConverterToPdf(org.springframework.web.multipart.MultipartFile,java.lang.String,java.lang.String,boolean,boolean,java.lang.String,java.lang.String,javax.servlet.http.HttpServletRequest)
2020-01-12 14:59:15.418  INFO 18700 --- [    Test worker] s.w.s.m.m.a.RequestMappingHandlerMapping : Mapped "{[/api/pptxConverterToImage],methods=[POST]}" onto public com.jalasoft.jfc.model.result.Response com.jalasoft.jfc.controller.PptxConverterController.pdfConverter(org.springframework.web.multipart.MultipartFile,java.lang.String,java.lang.String,int,java.lang.String,boolean,boolean,java.lang.String,int,int,java.lang.String,javax.servlet.http.HttpServletRequest)
2020-01-12 14:59:15.423  INFO 18700 --- [    Test worker] s.w.s.m.m.a.RequestMappingHandlerMapping : Mapped "{[/api/addUser],methods=[POST]}" onto public org.springframework.http.ResponseEntity<?> com.jalasoft.jfc.controller.UserController.addUser(java.lang.String,java.lang.String,java.lang.String,java.lang.String)
2020-01-12 14:59:15.424  INFO 18700 --- [    Test worker] s.w.s.m.m.a.RequestMappingHandlerMapping : Mapped "{[/api/updateUser],methods=[PUT]}" onto public org.springframework.http.ResponseEntity<?> com.jalasoft.jfc.controller.UserController.updateUser(int,java.lang.String,java.lang.String,java.lang.String,java.lang.String)
2020-01-12 14:59:15.424  INFO 18700 --- [    Test worker] s.w.s.m.m.a.RequestMappingHandlerMapping : Mapped "{[/api/getAllUsers],methods=[GET]}" onto public org.springframework.http.ResponseEntity<?> com.jalasoft.jfc.controller.UserController.getAllUsers()
2020-01-12 14:59:15.424  INFO 18700 --- [    Test worker] s.w.s.m.m.a.RequestMappingHandlerMapping : Mapped "{[/api/login],methods=[POST]}" onto public org.springframework.http.ResponseEntity<?> com.jalasoft.jfc.controller.UserController.loginUser(java.lang.String,java.lang.String)
2020-01-12 14:59:15.425  INFO 18700 --- [    Test worker] s.w.s.m.m.a.RequestMappingHandlerMapping : Mapped "{[/api/findById],methods=[GET]}" onto public org.springframework.http.ResponseEntity<?> com.jalasoft.jfc.controller.UserController.findUserById(int)
2020-01-12 14:59:15.425  INFO 18700 --- [    Test worker] s.w.s.m.m.a.RequestMappingHandlerMapping : Mapped "{[/api/deleteById],methods=[DELETE]}" onto public org.springframework.http.ResponseEntity<?> com.jalasoft.jfc.controller.UserController.deleteById(int)
2020-01-12 14:59:15.425  INFO 18700 --- [    Test worker] s.w.s.m.m.a.RequestMappingHandlerMapping : Mapped "{[/api/videoConverter],methods=[POST]}" onto public com.jalasoft.jfc.model.result.Response com.jalasoft.jfc.controller.VideoConverterController.videoConverter(org.springframework.web.multipart.MultipartFile,java.lang.String,java.lang.String,java.lang.String,java.lang.String,int,int,java.lang.String,java.lang.String,boolean,boolean,javax.servlet.http.HttpServletRequest,java.lang.String)
2020-01-12 14:59:15.427  INFO 18700 --- [    Test worker] s.w.s.m.m.a.RequestMappingHandlerMapping : Mapped "{[/swagger-resources/configuration/security]}" onto public org.springframework.http.ResponseEntity<springfox.documentation.swagger.web.SecurityConfiguration> springfox.documentation.swagger.web.ApiResourceController.securityConfiguration()
2020-01-12 14:59:15.428  INFO 18700 --- [    Test worker] s.w.s.m.m.a.RequestMappingHandlerMapping : Mapped "{[/swagger-resources]}" onto public org.springframework.http.ResponseEntity<java.util.List<springfox.documentation.swagger.web.SwaggerResource>> springfox.documentation.swagger.web.ApiResourceController.swaggerResources()
2020-01-12 14:59:15.428  INFO 18700 --- [    Test worker] s.w.s.m.m.a.RequestMappingHandlerMapping : Mapped "{[/swagger-resources/configuration/ui]}" onto public org.springframework.http.ResponseEntity<springfox.documentation.swagger.web.UiConfiguration> springfox.documentation.swagger.web.ApiResourceController.uiConfiguration()
2020-01-12 14:59:15.432  INFO 18700 --- [    Test worker] s.w.s.m.m.a.RequestMappingHandlerMapping : Mapped "{[/error]}" onto public org.springframework.http.ResponseEntity<java.util.Map<java.lang.String, java.lang.Object>> org.springframework.boot.autoconfigure.web.BasicErrorController.error(javax.servlet.http.HttpServletRequest)
2020-01-12 14:59:15.432  INFO 18700 --- [    Test worker] s.w.s.m.m.a.RequestMappingHandlerMapping : Mapped "{[/error],produces=[text/html]}" onto public org.springframework.web.servlet.ModelAndView org.springframework.boot.autoconfigure.web.BasicErrorController.errorHtml(javax.servlet.http.HttpServletRequest,javax.servlet.http.HttpServletResponse)
2020-01-12 14:59:15.597  INFO 18700 --- [    Test worker] pertySourcedRequestMappingHandlerMapping : Mapped URL path [/v2/api-docs] onto method [public org.springframework.http.ResponseEntity<springfox.documentation.spring.web.json.Json> springfox.documentation.swagger2.web.Swagger2Controller.getDocumentation(java.lang.String,javax.servlet.http.HttpServletRequest)]
2020-01-12 14:59:16.522  INFO 18700 --- [    Test worker] s.w.s.m.m.a.RequestMappingHandlerAdapter : Looking for @ControllerAdvice: org.springframework.web.context.support.GenericWebApplicationContext@197c678: startup date [Sun Jan 12 14:59:08 BOT 2020]; root of context hierarchy
2020-01-12 14:59:16.589  INFO 18700 --- [    Test worker] o.s.w.s.handler.SimpleUrlHandlerMapping  : Mapped URL path [/webjars/**] onto handler of type [class org.springframework.web.servlet.resource.ResourceHttpRequestHandler]
2020-01-12 14:59:16.589  INFO 18700 --- [    Test worker] o.s.w.s.handler.SimpleUrlHandlerMapping  : Mapped URL path [/**] onto handler of type [class org.springframework.web.servlet.resource.ResourceHttpRequestHandler]
2020-01-12 14:59:16.637  INFO 18700 --- [    Test worker] o.s.w.s.handler.SimpleUrlHandlerMapping  : Mapped URL path [/**/favicon.ico] onto handler of type [class org.springframework.web.servlet.resource.ResourceHttpRequestHandler]
2020-01-12 14:59:16.905  INFO 18700 --- [    Test worker] o.s.c.support.DefaultLifecycleProcessor  : Starting beans in phase 2147483647
2020-01-12 14:59:16.906  INFO 18700 --- [    Test worker] d.s.w.p.DocumentationPluginsBootstrapper : Context refreshed
2020-01-12 14:59:16.937  INFO 18700 --- [    Test worker] d.s.w.p.DocumentationPluginsBootstrapper : Found 1 custom documentation plugin(s)
2020-01-12 14:59:17.014  INFO 18700 --- [    Test worker] s.d.s.w.s.ApiListingReferenceScanner     : Scanning for api listing references
2020-01-12 14:59:17.309  INFO 18700 --- [    Test worker] .d.s.w.r.o.CachingOperationNameGenerator : Generating unique operation named: pdfConverterUsingPOST_1
2020-01-12 14:59:17.369  INFO 18700 --- [    Test worker] c.j.j.c.Md5ExtractorControllerTest       : Started Md5ExtractorControllerTest in 10.537 seconds (JVM running for 11.594)
2020-01-12 14:59:17.478  INFO 18700 --- [    Test worker] o.s.b.t.m.w.SpringBootMockServletContext : Initializing Spring FrameworkServlet ''
2020-01-12 14:59:17.478  INFO 18700 --- [    Test worker] o.s.t.web.servlet.TestDispatcherServlet  : FrameworkServlet '': initialization started
2020-01-12 14:59:17.493  INFO 18700 --- [    Test worker] o.s.t.web.servlet.TestDispatcherServlet  : FrameworkServlet '': initialization completed in 15 ms

MockHttpServletRequest:
      HTTP Method = POST
      Request URI = /extractMd5/
       Parameters = {}
          Headers = {Content-Type=[multipart/form-data;charset=UTF-8]}

Handler:
             Type = org.springframework.web.servlet.resource.ResourceHttpRequestHandler

Async:
    Async started = false
     Async result = null

Resolved Exception:
             Type = null

ModelAndView:
        View name = null
             View = null
            Model = null

FlashMap:
       Attributes = null

MockHttpServletResponse:
           Status = 404
    Error message = null
          Headers = {}
     Content type = null
             Body = 
    Forwarded URL = null
   Redirected URL = null
          Cookies = []
2020-01-12 14:59:17.549  INFO 18700 --- [    Test worker] o.s.b.t.m.w.SpringBootMockServletContext : Initializing Spring FrameworkServlet ''
2020-01-12 14:59:17.549  INFO 18700 --- [    Test worker] o.s.t.web.servlet.TestDispatcherServlet  : FrameworkServlet '': initialization started
2020-01-12 14:59:17.552  INFO 18700 --- [    Test worker] o.s.t.web.servlet.TestDispatcherServlet  : FrameworkServlet '': initialization completed in 3 ms

MockHttpServletRequest:
      HTTP Method = POST
      Request URI = /extractMd5/
       Parameters = {}
          Headers = {Content-Type=[multipart/form-data;charset=UTF-8]}

Handler:
             Type = org.springframework.web.servlet.resource.ResourceHttpRequestHandler

Async:
    Async started = false
     Async result = null

Resolved Exception:
             Type = null

ModelAndView:
        View name = null
             View = null
            Model = null

FlashMap:
       Attributes = null

MockHttpServletResponse:
           Status = 404
    Error message = null
          Headers = {}
     Content type = null
             Body = 
    Forwarded URL = null
   Redirected URL = null
          Cookies = []
]]></system-out>
  <system-err><![CDATA[]]></system-err>
</testsuite>
